<?xml version="1.0" encoding="utf-8"?><testsuites name="pytest tests"><testsuite name="pytest" errors="0" failures="0" skipped="0" tests="5" time="9.077" timestamp="2026-06-28T20:26:42.328594+00:00" hostname="agent-env-424ee097-9083-4663-8bd6-21ef6753046b"><testcase classname="tests.test_admin_lockout_clear.TestAdminLoginShape" name="test_admin_login_returns_token_and_cookies" time="0.481" /><testcase classname="tests.test_admin_lockout_clear.TestAdminLoginShape" name="test_me_with_bearer_token_only" time="0.442" /><testcase classname="tests.test_admin_lockout_clear.TestAdminLoginShape" name="test_me_with_cookie_only" time="0.375" /><testcase classname="tests.test_admin_lockout_clear.TestAdminLockoutBeforeRestart" name="test_admin_locked_out_after_5_failures" time="1.891" /><testcase classname="tests.test_admin_lockout_clear.TestRestartClearsAdminLockout" name="test_restart_unlocks_admin_but_not_other_users" time="5.817" /></testsuite></testsuites>