<?xml version="1.0" encoding="utf-8"?><testsuites name="pytest tests"><testsuite name="pytest" errors="0" failures="0" skipped="0" tests="15" time="9.683" timestamp="2026-06-27T22:32:07.312001+00:00" hostname="agent-env-424ee097-9083-4663-8bd6-21ef6753046b"><testcase classname="tests.test_auth_and_regression.TestRegister" name="test_register_success" time="0.453" /><testcase classname="tests.test_auth_and_regression.TestMeAndLogout" name="test_me_requires_auth" time="0.135" /><testcase classname="tests.test_auth_and_regression.TestMeAndLogout" name="test_me_with_bearer_token" time="0.782" /><testcase classname="tests.test_auth_and_regression.TestRegister" name="test_register_duplicate_email_409" time="0.508" /><testcase classname="tests.test_auth_and_regression.TestMeAndLogout" name="test_me_with_cookie" time="0.387" /><testcase classname="tests.test_auth_and_regression.TestRegister" name="test_register_invalid_email_422" time="0.292" /><testcase classname="tests.test_auth_and_regression.TestRegister" name="test_register_short_password_422" time="0.097" /><testcase classname="tests.test_auth_and_regression.TestMeAndLogout" name="test_logout_clears_cookies" time="1.093" /><testcase classname="tests.test_auth_and_regression.TestBruteForce" name="test_lockout_after_5_failures" time="2.583" /><testcase classname="tests.test_auth_and_regression.TestLogin" name="test_login_success_and_cookies" time="1.024" /><testcase classname="tests.test_auth_and_regression.TestLogin" name="test_login_wrong_password_401" time="0.814" /><testcase classname="tests.test_auth_and_regression.TestBruteForce" name="test_successful_login_clears_counter" time="2.748" /><testcase classname="tests.test_auth_and_regression.TestLogin" name="test_login_seeded_admin" time="0.442" /><testcase classname="tests.test_auth_and_regression.TestRegression" name="test_status_post_and_get" time="0.173" /><testcase classname="tests.test_auth_and_regression.TestRegression" name="test_intake_submit_and_count" time="2.180" /></testsuite></testsuites>