<?xml version="1.0" encoding="utf-8"?><testsuites name="pytest tests"><testsuite name="pytest" errors="0" failures="0" skipped="1" tests="14" time="6.295" timestamp="2026-06-27T22:27:54.004066+00:00" hostname="agent-env-424ee097-9083-4663-8bd6-21ef6753046b"><testcase classname="tests.test_auth_and_regression.TestMeAndLogout" name="test_me_requires_auth" time="0.368" /><testcase classname="tests.test_auth_and_regression.TestRegister" name="test_register_success" time="0.367" /><testcase classname="tests.test_auth_and_regression.TestRegister" name="test_register_duplicate_email_409" time="0.595" /><testcase classname="tests.test_auth_and_regression.TestMeAndLogout" name="test_me_with_bearer_token" time="0.647" /><testcase classname="tests.test_auth_and_regression.TestRegister" name="test_register_invalid_email_422" time="0.103" /><testcase classname="tests.test_auth_and_regression.TestMeAndLogout" name="test_me_with_cookie" time="0.376" /><testcase classname="tests.test_auth_and_regression.TestRegister" name="test_register_short_password_422" time="0.276" /><testcase classname="tests.test_auth_and_regression.TestLogin" name="test_login_success_and_cookies" time="0.830" /><testcase classname="tests.test_auth_and_regression.TestMeAndLogout" name="test_logout_clears_cookies" time="0.879" /><testcase classname="tests.test_auth_and_regression.TestLogin" name="test_login_wrong_password_401" time="0.702" /><testcase classname="tests.test_auth_and_regression.TestRegression" name="test_status_post_and_get" time="0.296" /><testcase classname="tests.test_auth_and_regression.TestRegression" name="test_intake_submit_and_count" time="1.232" /><testcase classname="tests.test_auth_and_regression.TestLogin" name="test_login_seeded_admin" time="0.326" /><testcase classname="tests.test_auth_and_regression.TestBruteForce" name="test_lockout_after_5_failures" time="2.484"><skipped type="pytest.xfail" message="Backend bug: _record_failed_login keys on `{request.client.host}:{email}`, but in K8s ingress request.client.host alternates between multiple ingress pod IPs (e.g. 10.208.128.2 / 10.208.128.6). Failed attempts get spread across identifiers and never reach the 5-fail threshold. Fix: key on email alone OR honor X-Forwarded-For." /></testcase></testsuite></testsuites>