<?xml version="1.0" encoding="utf-8"?><testsuites name="pytest tests"><testsuite name="pytest" errors="0" failures="0" skipped="0" tests="13" time="7.378" timestamp="2026-06-27T22:49:10.232461+00:00" hostname="agent-env-424ee097-9083-4663-8bd6-21ef6753046b"><testcase classname="tests.test_paypal_checkout.TestCreateOrder" name="test_unauth_returns_401" time="0.236" /><testcase classname="tests.test_paypal_checkout.TestOrdersListAndGet" name="test_list_orders_newest_first" time="2.700" /><testcase classname="tests.test_paypal_checkout.TestCreateOrder" name="test_unknown_item_returns_400" time="0.526" /><testcase classname="tests.test_paypal_checkout.TestCreateOrder" name="test_empty_items_returns_422" time="0.407" /><testcase classname="tests.test_paypal_checkout.TestCreateOrder" name="test_single_item_math_and_persistence" time="1.116" /><testcase classname="tests.test_paypal_checkout.TestCreateOrder" name="test_multi_item_deposit_math" time="1.150" /><testcase classname="tests.test_paypal_checkout.TestOrdersListAndGet" name="test_get_order_404_when_not_owner" time="1.532" /><testcase classname="tests.test_paypal_checkout.TestCreateOrder" name="test_price_authority_ignores_client_price" time="1.608" /><testcase classname="tests.test_paypal_checkout.TestOrdersListAndGet" name="test_get_unknown_order_404" time="0.409" /><testcase classname="tests.test_paypal_checkout.TestCaptureUnapproved" name="test_capture_unapproved_order_returns_502" time="2.042" /><testcase classname="tests.test_paypal_checkout.TestRegression" name="test_login_still_works" time="0.355" /><testcase classname="tests.test_paypal_checkout.TestRegression" name="test_me_still_works" time="0.380" /><testcase classname="tests.test_paypal_checkout.TestRegression" name="test_intake_and_count" time="0.928" /></testsuite></testsuites>